Vivado Simulator v2021.2
Copyright 1986-1999, 2001-2021 Xilinx, Inc. All Rights Reserved.
Running: D:/Universitate/Xilinx/Vivado/2021.2/bin/unwrapped/win64.o/xelab.exe --incr --debug typical --relax --mt 2 -L xil_defaultlib -L secureip --snapshot main_behav xil_defaultlib.main -log elaborate.log 
Using 2 slave threads.
Starting static elaboration
Completed static elaboration
Starting simulation data flow analysis
Completed simulation data flow analysis
Time Resolution for simulation is 1ps
Compiling package std.standard
Compiling package std.textio
Compiling package ieee.std_logic_1164
Compiling package ieee.std_logic_arith
Compiling package ieee.std_logic_unsigned
Compiling architecture behavioral of entity xil_defaultlib.clk_divider [clk_divider_default]
Compiling architecture behavioral of entity xil_defaultlib.debounce [debounce_default]
Compiling architecture behavioral of entity xil_defaultlib.SPI_master [\SPI_master(n=8,nr_slaves=1)\]
Compiling architecture behavioral of entity xil_defaultlib.mod_accelerometer [mod_accelerometer_default]
Compiling architecture behavioral of entity xil_defaultlib.displ7seg [displ7seg_default]
Compiling architecture behavioral of entity xil_defaultlib.main
Built simulation snapshot main_behav
